\BOOKMARK [2][-]{section*.2}{\376\377\000A\000b\000s\000t\000r\000a\000c\000t}{}% 1
\BOOKMARK [2][-]{section*.3}{\376\377\0001\000.\000\040\000I\000n\000t\000r\000o\000d\000u\000c\000t\000i\000o\000n}{}% 2
\BOOKMARK [3][-]{section*.4}{\376\377\0001\000.\0001\000.\000\040\000I\000n\000t\000r\000o}{section*.3}% 3
\BOOKMARK [2][-]{section*.5}{\376\377\0002\000.\000\040\000T\000h\000e\000o\000r\000y}{}% 4
\BOOKMARK [3][-]{section*.6}{\376\377\0002\000.\0001\000.\000\040\000N\000e\000u\000r\000a\000l\000\040\000n\000e\000t\000w\000o\000r\000k}{section*.5}% 5
\BOOKMARK [4][-]{section*.7}{\376\377\0002\000.\0001\000.\0001\000.\000\040\000P\000e\000r\000c\000e\000p\000t\000r\000o\000n}{section*.6}% 6
\BOOKMARK [4][-]{section*.8}{\376\377\0002\000.\0001\000.\0002\000.\000\040\000B\000a\000c\000k\000p\000r\000o\000p\000a\000g\000a\000t\000i\000o\000n\000\040\000a\000l\000g\000o\000r\000i\000t\000h\000m}{section*.6}% 7
\BOOKMARK [4][-]{section*.9}{\376\377\0002\000.\0001\000.\0003\000.\000\040\000M\000u\000l\000t\000i\000l\000a\000y\000e\000r\000\040\000p\000e\000r\000c\000e\000p\000t\000r\000o\000n}{section*.6}% 8
\BOOKMARK [4][-]{section*.10}{\376\377\0002\000.\0001\000.\0004\000.\000\040\000R\000e\000c\000u\000r\000r\000e\000n\000t\000\040\000n\000e\000u\000r\000a\000l\000\040\000n\000e\000t\000w\000o\000r\000k\000s\000\040\000\050\000R\000N\000N\000\051}{section*.6}% 9
\BOOKMARK [4][-]{section*.11}{\376\377\0002\000.\0001\000.\0005\000.\000\040\000L\000o\000n\000g\000-\000s\000h\000o\000r\000t\000\040\000t\000e\000r\000m\000\040\000m\000e\000m\000o\000r\000y\000\040\000\050\000L\000S\000T\000M\000\051}{section*.6}% 10
\BOOKMARK [4][-]{section*.12}{\376\377\0002\000.\0001\000.\0006\000.\000\040\000C\000h\000a\000l\000l\000e\000n\000g\000e\000s}{section*.6}% 11
\BOOKMARK [3][-]{section*.15}{\376\377\0002\000.\0002\000.\000\040\000M\000o\000d\000e\000l\000\040\000c\000o\000m\000p\000a\000r\000i\000s\000o\000n}{section*.5}% 12
\BOOKMARK [4][-]{section*.16}{\376\377\0002\000.\0002\000.\0001\000.\000\040\000S\000h\000a\000r\000p\000e\000\040\000r\000a\000t\000i\000o}{section*.15}% 13
\BOOKMARK [4][-]{section*.17}{\376\377\0002\000.\0002\000.\0002\000.\000\040\000D\000i\000e\000b\000o\000l\000d\000\040\000M\000a\000r\000i\000a\000n\000o}{section*.15}% 14
\BOOKMARK [4][-]{section*.18}{\376\377\0002\000.\0002\000.\0003\000.\000\040\000M\000e\000a\000n\000\040\000S\000q\000u\000a\000r\000e\000d\000\040\000E\000r\000r\000o\000r}{section*.15}% 15
\BOOKMARK [3][-]{section*.19}{\376\377\0002\000.\0003\000.\000\040\000B\000i\000t\000c\000o\000i\000n}{section*.5}% 16
\BOOKMARK [4][-]{section*.20}{\376\377\0002\000.\0003\000.\0001\000.\000\040\000H\000i\000s\000t\000o\000r\000i\000c\000a\000l\000\040\000a\000n\000a\000l\000y\000s\000i\000s}{section*.19}% 17
\BOOKMARK [4][-]{section*.21}{\376\377\0002\000.\0003\000.\0002\000.\000\040\000B\000i\000t\000c\000o\000i\000n\000\040\000t\000e\000c\000h\000n\000o\000l\000o\000g\000y\000\040\000\046\000\040\000c\000r\000y\000p\000t\000o\000c\000u\000r\000r\000e\000n\000c\000i\000e\000s}{section*.19}% 18
\BOOKMARK [4][-]{section*.22}{\376\377\0002\000.\0003\000.\0003\000.\000\040\000B\000i\000t\000c\000o\000i\000n\000\040\000p\000r\000i\000c\000e\000\040\000v\000a\000l\000u\000a\000t\000i\000o\000n}{section*.19}% 19
\BOOKMARK [2][-]{section*.23}{\376\377\0003\000.\000\040\000M\000e\000t\000h\000o\000d\000o\000l\000o\000g\000y}{}% 20
\BOOKMARK [3][-]{section*.24}{\376\377\0003\000.\0001\000.\000\040\000D\000a\000t\000a\000\040\000e\000x\000p\000l\000o\000r\000a\000t\000i\000o\000n}{section*.23}% 21
\BOOKMARK [3][-]{section*.25}{\376\377\0003\000.\0002\000.\000\040\000N\000e\000t\000w\000o\000r\000k\000\040\000a\000r\000c\000h\000i\000t\000e\000c\000t\000u\000r\000e}{section*.23}% 22
\BOOKMARK [4][-]{section*.26}{\376\377\0003\000.\0002\000.\0001\000.\000\040\000D\000e\000f\000i\000n\000i\000n\000g\000\040\000t\000r\000a\000i\000n\000\040\000a\000n\000d\000\040\000t\000e\000s\000t\000\040\000s\000a\000m\000p\000l\000e\000s}{section*.25}% 23
\BOOKMARK [4][-]{section*.27}{\376\377\0003\000.\0002\000.\0002\000.\000\040\000E\000v\000a\000l\000u\000a\000t\000i\000n\000g\000\040\000n\000e\000t\000w\000o\000r\000k\000\040\000a\000r\000c\000h\000i\000t\000e\000c\000t\000u\000r\000e}{section*.25}% 24
\BOOKMARK [3][-]{section*.28}{\376\377\0003\000.\0003\000.\000\040\000B\000e\000n\000c\000h\000m\000a\000r\000k}{section*.23}% 25
\BOOKMARK [3][-]{section*.29}{\376\377\0003\000.\0004\000.\000\040\000T\000r\000a\000d\000i\000n\000g\000\040\000s\000t\000r\000a\000t\000e\000g\000i\000e\000s\000g}{section*.23}% 26
\BOOKMARK [4][-]{section*.30}{\376\377\0003\000.\0005\000.\0001\000.\000\040\000O\000t\000h\000e\000r\000\040\000c\000r\000y\000p\000t\000o\000c\000u\000r\000r\000e\000n\000c\000y}{section*.29}% 27
\BOOKMARK [3][-]{section*.31}{\376\377\0003\000.\0006\000.\000\040\000E\000x\000p\000l\000a\000i\000n\000a\000b\000i\000l\000i\000t\000y}{section*.23}% 28
\BOOKMARK [3][-]{section*.32}{\376\377\0003\000.\0007\000.\000\040\000\050\000R\000e\000l\000a\000t\000i\000o\000n\000s\000h\000i\000p\000\040\000b\000e\000t\000w\000e\000e\000n\000\040\000a\000c\000c\000u\000r\000a\000c\000y\000\040\000a\000n\000d\000\040\000m\000a\000r\000k\000e\000t\000\040\000p\000h\000a\000s\000e\000\051}{section*.23}% 29
\BOOKMARK [2][-]{section*.33}{\376\377\0004\000.\000\040\000R\000e\000s\000u\000l\000t\000s}{}% 30
\BOOKMARK [3][-]{section*.34}{\376\377\0004\000.\0001\000.\000\040\000R\000e\000s\000u\000l\000t\000s\000\040\000c\000h\000a\000p\000t\000e\000r\000i\000n\000o}{section*.33}% 31
\BOOKMARK [2][-]{section*.35}{\376\377\0005\000.\000\040\000C\000o\000n\000c\000l\000u\000s\000i\000o\000n}{}% 32
\BOOKMARK [3][-]{section*.36}{\376\377\0005\000.\0001\000.\000\040\000G\000e\000t\000\040\000r\000i\000c\000h\000\040\000o\000r\000\040\000d\000i\000e\000\040\000t\000r\000y\000i\000n}{section*.35}% 33
\BOOKMARK [3][-]{section*.37}{\376\377\0005\000.\0002\000.\000\040\000B\000e\000\040\000G\000M\000E\000\040\000s\000t\000o\000c\000k\000,\000\040\000o\000r\000\040\000n\000o\000t\000\040\000t\000o\000\040\000b\000e\000\040\000G\000M\000E\000\040\000s\000t\000o\000c\000k}{section*.35}% 34
\BOOKMARK [2][-]{section*.38}{\376\377\000R\000e\000f\000e\000r\000e\000n\000c\000e\000s}{}% 35
\BOOKMARK [2][-]{section*.39}{\376\377\000A\000t\000t\000a\000c\000h\000m\000e\000n\000t}{}% 36
