This is pdfTeX, Version 3.14159265-2.6-1.40.21 (MiKTeX 2.9.7400 64-bit) (preloaded format=pdflatex 2020.4.24)  20 MAR 2021 14:37
entering extended mode
**./_main.tex
(_main.tex
LaTeX2e <2020-02-02> patch level 5
L3 programming layer <2020-04-06> ("C:\Program Files\MiKTeX 2.9\tex/latex/base\
article.cls"
Document Class: article 2019/12/20 v1.4l Standard LaTeX document class
("C:\Program Files\MiKTeX 2.9\tex/latex/base\size10.clo"
File: size10.clo 2019/12/20 v1.4l Standard LaTeX file (size option)
)
\c@part=\count167
\c@section=\count168
\c@subsection=\count169
\c@subsubsection=\count170
\c@paragraph=\count171
\c@subparagraph=\count172
\c@figure=\count173
\c@table=\count174
\abovecaptionskip=\skip47
\belowcaptionskip=\skip48
\bibindent=\dimen134
) ("C:\Program Files\MiKTeX 2.9\tex/latex/amsmath\amsmath.sty"
Package: amsmath 2020/01/20 v2.17e AMS math features
\@mathmargin=\skip49
For additional information on amsmath, use the `?' option.
("C:\Program Files\MiKTeX 2.9\tex/latex/amsmath\amstext.sty"
Package: amstext 2000/06/29 v2.01 AMS text
("C:\Program Files\MiKTeX 2.9\tex/latex/amsmath\amsgen.sty"
File: amsgen.sty 1999/11/30 v2.0 generic functions
\@emptytoks=\toks15
\ex@=\dimen135
)) ("C:\Program Files\MiKTeX 2.9\tex/latex/amsmath\amsbsy.sty"
Package: amsbsy 1999/11/29 v1.2d Bold Symbols
\pmbraise@=\dimen136
) ("C:\Program Files\MiKTeX 2.9\tex/latex/amsmath\amsopn.sty"
Package: amsopn 2016/03/08 v2.02 operator names
)
\inf@bad=\count175
LaTeX Info: Redefining \frac on input line 227.
\uproot@=\count176
\leftroot@=\count177
LaTeX Info: Redefining \overline on input line 389.
\classnum@=\count178
\DOTSCASE@=\count179
LaTeX Info: Redefining \ldots on input line 486.
LaTeX Info: Redefining \dots on input line 489.
LaTeX Info: Redefining \cdots on input line 610.
\Mathstrutbox@=\box45
\strutbox@=\box46
\big@size=\dimen137
LaTeX Font Info:    Redeclaring font encoding OML on input line 733.
LaTeX Font Info:    Redeclaring font encoding OMS on input line 734.
\macc@depth=\count180
\c@MaxMatrixCols=\count181
\dotsspace@=\muskip16
\c@parentequation=\count182
\dspbrk@lvl=\count183
\tag@help=\toks16
\row@=\count184
\column@=\count185
\maxfields@=\count186
\andhelp@=\toks17
\eqnshift@=\dimen138
\alignsep@=\dimen139
\tagshift@=\dimen140
\tagwidth@=\dimen141
\totwidth@=\dimen142
\lineht@=\dimen143
\@envbody=\toks18
\multlinegap=\skip50
\multlinetaggap=\skip51
\mathdisplay@stack=\toks19
LaTeX Info: Redefining \[ on input line 2859.
LaTeX Info: Redefining \] on input line 2860.
) ("C:\Program Files\MiKTeX 2.9\tex/latex/amsfonts\amssymb.sty"
Package: amssymb 2013/01/14 v3.01 AMS font symbols
("C:\Program Files\MiKTeX 2.9\tex/latex/amsfonts\amsfonts.sty"
Package: amsfonts 2013/01/14 v3.01 Basic AMSFonts support
\symAMSa=\mathgroup4
\symAMSb=\mathgroup5
LaTeX Font Info:    Redeclaring math symbol \hbar on input line 98.
LaTeX Font Info:    Overwriting math alphabet `\mathfrak' in version `bold'
(Font)                  U/euf/m/n --> U/euf/b/n on input line 106.
)) ("C:\Program Files\MiKTeX 2.9\tex/latex/lm\lmodern.sty"
Package: lmodern 2009/10/30 v1.6 Latin Modern Fonts
LaTeX Font Info:    Overwriting symbol font `operators' in version `normal'
(Font)                  OT1/cmr/m/n --> OT1/lmr/m/n on input line 22.
LaTeX Font Info:    Overwriting symbol font `letters' in version `normal'
(Font)                  OML/cmm/m/it --> OML/lmm/m/it on input line 23.
LaTeX Font Info:    Overwriting symbol font `symbols' in version `normal'
(Font)                  OMS/cmsy/m/n --> OMS/lmsy/m/n on input line 24.
LaTeX Font Info:    Overwriting symbol font `largesymbols' in version `normal'
(Font)                  OMX/cmex/m/n --> OMX/lmex/m/n on input line 25.
LaTeX Font Info:    Overwriting symbol font `operators' in version `bold'
(Font)                  OT1/cmr/bx/n --> OT1/lmr/bx/n on input line 26.
LaTeX Font Info:    Overwriting symbol font `letters' in version `bold'
(Font)                  OML/cmm/b/it --> OML/lmm/b/it on input line 27.
LaTeX Font Info:    Overwriting symbol font `symbols' in version `bold'
(Font)                  OMS/cmsy/b/n --> OMS/lmsy/b/n on input line 28.
LaTeX Font Info:    Overwriting symbol font `largesymbols' in version `bold'
(Font)                  OMX/cmex/m/n --> OMX/lmex/m/n on input line 29.
LaTeX Font Info:    Overwriting math alphabet `\mathbf' in version `normal'
(Font)                  OT1/cmr/bx/n --> OT1/lmr/bx/n on input line 31.
LaTeX Font Info:    Overwriting math alphabet `\mathsf' in version `normal'
(Font)                  OT1/cmss/m/n --> OT1/lmss/m/n on input line 32.
LaTeX Font Info:    Overwriting math alphabet `\mathit' in version `normal'
(Font)                  OT1/cmr/m/it --> OT1/lmr/m/it on input line 33.
LaTeX Font Info:    Overwriting math alphabet `\mathtt' in version `normal'
(Font)                  OT1/cmtt/m/n --> OT1/lmtt/m/n on input line 34.
LaTeX Font Info:    Overwriting math alphabet `\mathbf' in version `bold'
(Font)                  OT1/cmr/bx/n --> OT1/lmr/bx/n on input line 35.
LaTeX Font Info:    Overwriting math alphabet `\mathsf' in version `bold'
(Font)                  OT1/cmss/bx/n --> OT1/lmss/bx/n on input line 36.
LaTeX Font Info:    Overwriting math alphabet `\mathit' in version `bold'
(Font)                  OT1/cmr/bx/it --> OT1/lmr/bx/it on input line 37.
LaTeX Font Info:    Overwriting math alphabet `\mathtt' in version `bold'
(Font)                  OT1/cmtt/m/n --> OT1/lmtt/m/n on input line 38.
) ("C:\Program Files\MiKTeX 2.9\tex/generic/iftex\ifxetex.sty"
Package: ifxetex 2019/10/25 v0.7 ifxetex legacy package. Use iftex instead.
("C:\Program Files\MiKTeX 2.9\tex/generic/iftex\iftex.sty"
Package: iftex 2020/03/06 v1.0d TeX engine tests
)) ("C:\Program Files\MiKTeX 2.9\tex/generic/iftex\ifluatex.sty"
Package: ifluatex 2019/10/25 v1.5 ifluatex legacy package. Use iftex instead.
) ("C:\Program Files\MiKTeX 2.9\tex/latex/base\fontenc.sty"
Package: fontenc 2020/02/11 v2.0o Standard LaTeX package
LaTeX Font Info:    Trying to load font information for T1+lmr on input line 11
2.
("C:\Program Files\MiKTeX 2.9\tex/latex/lm\t1lmr.fd"
File: t1lmr.fd 2009/10/30 v1.6 Font defs for Latin Modern
)) ("C:\Program Files\MiKTeX 2.9\tex/latex/base\inputenc.sty"
Package: inputenc 2018/08/11 v1.3c Input encoding file
\inpenc@prehook=\toks20
\inpenc@posthook=\toks21
) ("C:\Program Files\MiKTeX 2.9\tex/latex/base\textcomp.sty"
Package: textcomp 2020/02/02 v2.0n Standard LaTeX package
) (C:\Users\buehl\AppData\Roaming\MiKTeX\2.9\tex/latex/upquote\upquote.sty
Package: upquote 2012/04/19 v1.3 upright-quote and grave-accent glyphs in verba
tim
) (C:\Users\buehl\AppData\Roaming\MiKTeX\2.9\tex/latex/microtype\microtype.sty
Package: microtype 2019/11/18 v2.7d Micro-typographical refinements (RS)
("C:\Program Files\MiKTeX 2.9\tex/latex/graphics\keyval.sty"
Package: keyval 2014/10/28 v1.15 key=value parser (DPC)
\KV@toks@=\toks22
)
\MT@toks=\toks23
\MT@count=\count187
LaTeX Info: Redefining \textls on input line 790.
\MT@outer@kern=\dimen144
LaTeX Info: Redefining \textmicrotypecontext on input line 1354.
\MT@listname@count=\count188

(C:\Users\buehl\AppData\Roaming\MiKTeX\2.9\tex/latex/microtype\microtype-pdftex
.def
File: microtype-pdftex.def 2019/11/18 v2.7d Definitions specific to pdftex (RS)

LaTeX Info: Redefining \lsstyle on input line 914.
LaTeX Info: Redefining \lslig on input line 914.
\MT@outer@space=\skip52
)
Package microtype Info: Loading configuration file microtype.cfg.
(C:\Users\buehl\AppData\Roaming\MiKTeX\2.9\tex/latex/microtype\microtype.cfg
File: microtype.cfg 2019/11/18 v2.7d microtype main configuration file (RS)
)) (C:\Users\buehl\AppData\Roaming\MiKTeX\2.9\tex/latex/parskip\parskip.sty
Package: parskip 2020-06-15 v2.0f non-zero parskip adjustments
(C:\Users\buehl\AppData\Roaming\MiKTeX\2.9\tex/latex/kvoptions\kvoptions.sty
Package: kvoptions 2019/11/29 v3.13 Key value format for package options (HO)
(C:\Users\buehl\AppData\Roaming\MiKTeX\2.9\tex/generic/ltxcmds\ltxcmds.sty
Package: ltxcmds 2019/12/15 v1.24 LaTeX kernel commands for general use (HO)
) (C:\Users\buehl\AppData\Roaming\MiKTeX\2.9\tex/generic/kvsetkeys\kvsetkeys.st
y
Package: kvsetkeys 2019/12/15 v1.18 Key value parser (HO)
)) ("C:\Program Files\MiKTeX 2.9\tex/latex/etoolbox\etoolbox.sty"
Package: etoolbox 2019/09/21 v2.5h e-TeX tools for LaTeX (JAW)
\etb@tempcnta=\count189
)) ("C:\Program Files\MiKTeX 2.9\tex/latex/xcolor\xcolor.sty"
Package: xcolor 2016/05/11 v2.12 LaTeX color extensions (UK)
("C:\Program Files\MiKTeX 2.9\tex/latex/graphics-cfg\color.cfg"
File: color.cfg 2016/01/02 v1.6 sample color configuration
)
Package xcolor Info: Driver file: pdftex.def on input line 225.
("C:\Program Files\MiKTeX 2.9\tex/latex/graphics-def\pdftex.def"
File: pdftex.def 2018/01/08 v1.0l Graphics/color driver for pdftex
)
Package xcolor Info: Model `cmy' substituted by `cmy0' on input line 1348.
Package xcolor Info: Model `hsb' substituted by `rgb' on input line 1352.
Package xcolor Info: Model `RGB' extended on input line 1364.
Package xcolor Info: Model `HTML' substituted by `rgb' on input line 1366.
Package xcolor Info: Model `Hsb' substituted by `hsb' on input line 1367.
Package xcolor Info: Model `tHsb' substituted by `hsb' on input line 1368.
Package xcolor Info: Model `HSB' substituted by `hsb' on input line 1369.
Package xcolor Info: Model `Gray' substituted by `gray' on input line 1370.
Package xcolor Info: Model `wave' substituted by `hsb' on input line 1371.
("C:\Program Files\MiKTeX 2.9\tex/latex/graphics\dvipsnam.def"
File: dvipsnam.def 2016/06/17 v3.0m Driver-dependent file (DPC,SPQR)
) ("C:\Program Files\MiKTeX 2.9\tex/latex/xcolor\svgnam.def"
File: svgnam.def 2016/05/11 v2.12 Predefined colors according to SVG 1.1 (UK)
) ("C:\Program Files\MiKTeX 2.9\tex/latex/xcolor\x11nam.def"
File: x11nam.def 2016/05/11 v2.12 Predefined colors according to Unix/X11 (UK)
)) (C:\Users\buehl\AppData\Roaming\MiKTeX\2.9\tex/latex/xurl\xurl.sty
Package: xurl 2020/01/24 v 0.09 modify URL breaks
("C:\Program Files\MiKTeX 2.9\tex/latex/url\url.sty"
\Urlmuskip=\muskip17
Package: url 2013/09/16  ver 3.4  Verb mode for urls, etc.
)) (C:\Users\buehl\AppData\Roaming\MiKTeX\2.9\tex/latex/bookmark\bookmark.sty
Package: bookmark 2020-11-06 v1.29 PDF bookmarks (HO)
("C:\Program Files\MiKTeX 2.9\tex/latex/hyperref\hyperref.sty"
Package: hyperref 2020/01/14 v7.00d Hypertext links for LaTeX
("C:\Program Files\MiKTeX 2.9\tex/latex/pdftexcmds\pdftexcmds.sty"
Package: pdftexcmds 2019/11/24 v0.31 Utility functions of pdfTeX for LuaTeX (HO
)
(C:\Users\buehl\AppData\Roaming\MiKTeX\2.9\tex/generic/infwarerr\infwarerr.sty
Package: infwarerr 2019/12/03 v1.5 Providing info/warning/error messages (HO)
)
Package pdftexcmds Info: \pdf@primitive is available.
Package pdftexcmds Info: \pdf@ifprimitive is available.
Package pdftexcmds Info: \pdfdraftmode found.
)
(C:\Users\buehl\AppData\Roaming\MiKTeX\2.9\tex/generic/kvdefinekeys\kvdefinekey
s.sty
Package: kvdefinekeys 2019-12-19 v1.6 Define keys (HO)
) (C:\Users\buehl\AppData\Roaming\MiKTeX\2.9\tex/generic/pdfescape\pdfescape.st
y
Package: pdfescape 2019/12/09 v1.15 Implements pdfTeX's escape features (HO)
) (C:\Users\buehl\AppData\Roaming\MiKTeX\2.9\tex/latex/hycolor\hycolor.sty
Package: hycolor 2020-01-27 v1.10 Color options for hyperref/bookmark (HO)
)
(C:\Users\buehl\AppData\Roaming\MiKTeX\2.9\tex/latex/letltxmacro\letltxmacro.st
y
Package: letltxmacro 2019/12/03 v1.6 Let assignment for LaTeX macros (HO)
) (C:\Users\buehl\AppData\Roaming\MiKTeX\2.9\tex/latex/auxhook\auxhook.sty
Package: auxhook 2019-12-17 v1.6 Hooks for auxiliary files (HO)
)
\@linkdim=\dimen145
\Hy@linkcounter=\count190
\Hy@pagecounter=\count191
("C:\Program Files\MiKTeX 2.9\tex/latex/hyperref\pd1enc.def"
File: pd1enc.def 2020/01/14 v7.00d Hyperref: PDFDocEncoding definition (HO)
Now handling font encoding PD1 ...
... no UTF-8 mapping file for font encoding PD1
) (C:\Users\buehl\AppData\Roaming\MiKTeX\2.9\tex/generic/intcalc\intcalc.sty
Package: intcalc 2019/12/15 v1.3 Expandable calculations with integers (HO)
) (C:\Users\buehl\AppData\Roaming\MiKTeX\2.9\tex/generic/etexcmds\etexcmds.sty
Package: etexcmds 2019/12/15 v1.7 Avoid name clashes with e-TeX commands (HO)
)
\Hy@SavedSpaceFactor=\count192
Package hyperref Info: Option `unicode' set `true' on input line 4421.
("C:\Program Files\MiKTeX 2.9\tex/latex/hyperref\puenc.def"
File: puenc.def 2020/01/14 v7.00d Hyperref: PDF Unicode definition (HO)
Now handling font encoding PU ...
... no UTF-8 mapping file for font encoding PU
)
Package hyperref Info: Hyper figures OFF on input line 4547.
Package hyperref Info: Link nesting OFF on input line 4552.
Package hyperref Info: Hyper index ON on input line 4555.
Package hyperref Info: Plain pages OFF on input line 4562.
Package hyperref Info: Backreferencing OFF on input line 4567.
Package hyperref Info: Implicit mode ON; LaTeX internals redefined.
Package hyperref Info: Bookmarks ON on input line 4800.
\c@Hy@tempcnt=\count193
LaTeX Info: Redefining \url on input line 5159.
\XeTeXLinkMargin=\dimen146
(C:\Users\buehl\AppData\Roaming\MiKTeX\2.9\tex/generic/bitset\bitset.sty
Package: bitset 2019/12/09 v1.3 Handle bit-vector datatype (HO)

(C:\Users\buehl\AppData\Roaming\MiKTeX\2.9\tex/generic/bigintcalc\bigintcalc.st
y
Package: bigintcalc 2019/12/15 v1.5 Expandable calculations on big integers (HO
)
))
\Fld@menulength=\count194
\Field@Width=\dimen147
\Fld@charsize=\dimen148
Package hyperref Info: Hyper figures OFF on input line 6430.
Package hyperref Info: Link nesting OFF on input line 6435.
Package hyperref Info: Hyper index ON on input line 6438.
Package hyperref Info: backreferencing OFF on input line 6445.
Package hyperref Info: Link coloring OFF on input line 6450.
Package hyperref Info: Link coloring with OCG OFF on input line 6455.
Package hyperref Info: PDF/A mode OFF on input line 6460.
LaTeX Info: Redefining \ref on input line 6500.
LaTeX Info: Redefining \pageref on input line 6504.
(C:\Users\buehl\AppData\Roaming\MiKTeX\2.9\tex/generic/atbegshi\atbegshi.sty
Package: atbegshi 2019/12/05 v1.19 At begin shipout hook (HO)
)
\Hy@abspage=\count195
\c@Item=\count196
\c@Hfootnote=\count197
)
Package hyperref Info: Driver (autodetected): hpdftex.
("C:\Program Files\MiKTeX 2.9\tex/latex/hyperref\hpdftex.def"
File: hpdftex.def 2020/01/14 v7.00d Hyperref driver for pdfTeX
(C:\Users\buehl\AppData\Roaming\MiKTeX\2.9\tex/latex/atveryend\atveryend.sty
Package: atveryend 2019-12-11 v1.11 Hooks at the very end of document (HO)
)
\Fld@listcount=\count198
\c@bookmark@seq@number=\count199

(C:\Users\buehl\AppData\Roaming\MiKTeX\2.9\tex/latex/rerunfilecheck\rerunfilech
eck.sty
Package: rerunfilecheck 2019/12/05 v1.9 Rerun checks for auxiliary files (HO)

(C:\Users\buehl\AppData\Roaming\MiKTeX\2.9\tex/generic/uniquecounter\uniquecoun
ter.sty
Package: uniquecounter 2019/12/15 v1.4 Provide unlimited unique counter (HO)
)
Package uniquecounter Info: New unique counter `rerunfilecheck' on input line 2
86.
)
\Hy@SectionHShift=\skip53
)
(C:\Users\buehl\AppData\Roaming\MiKTeX\2.9\tex/latex/bookmark\bkm-pdftex-2019-1
2-03.def
File: bkm-pdftex.def 2019/12/03 v1.28 bookmark driver for pdfTeX (HO)
\BKM@id=\count266
))
Package hyperref Info: Option `colorlinks' set `true' on input line 45.
(C:\Users\buehl\AppData\Roaming\MiKTeX\2.9\tex/latex/geometry\geometry.sty
Package: geometry 2020/01/02 v5.9 Page Geometry
("C:\Program Files\MiKTeX 2.9\tex/generic/iftex\ifvtex.sty"
Package: ifvtex 2019/10/25 v1.7 ifvtex legacy package. Use iftex instead.
)
\Gm@cnth=\count267
\Gm@cntv=\count268
\c@Gm@tempcnt=\count269
\Gm@bindingoffset=\dimen149
\Gm@wd@mp=\dimen150
\Gm@odd@mp=\dimen151
\Gm@even@mp=\dimen152
\Gm@layoutwidth=\dimen153
\Gm@layoutheight=\dimen154
\Gm@layouthoffset=\dimen155
\Gm@layoutvoffset=\dimen156
\Gm@dimlist=\toks24
(C:\Users\buehl\AppData\Roaming\MiKTeX\2.9\tex/latex/geometry\geometry.cfg)) ("
C:\Program Files\MiKTeX 2.9\tex/latex/graphics\graphicx.sty"
Package: graphicx 2019/11/30 v1.2a Enhanced LaTeX Graphics (DPC,SPQR)
("C:\Program Files\MiKTeX 2.9\tex/latex/graphics\graphics.sty"
Package: graphics 2019/11/30 v1.4a Standard LaTeX Graphics (DPC,SPQR)
("C:\Program Files\MiKTeX 2.9\tex/latex/graphics\trig.sty"
Package: trig 2016/01/03 v1.10 sin cos tan (DPC)
) ("C:\Program Files\MiKTeX 2.9\tex/latex/graphics-cfg\graphics.cfg"
File: graphics.cfg 2016/06/04 v1.11 sample graphics configuration
)
Package graphics Info: Driver file: pdftex.def on input line 105.
)
\Gin@req@height=\dimen157
\Gin@req@width=\dimen158
) (C:\Users\buehl\AppData\Roaming\MiKTeX\2.9\tex/latex/pdfpages\pdfpages.sty
Package: pdfpages 2020/01/28 v0.5q Insert pages of external PDF documents (AM)
("C:\Program Files\MiKTeX 2.9\tex/latex/base\ifthen.sty"
Package: ifthen 2014/09/29 v1.1c Standard LaTeX ifthen package (DPC)
) ("C:\Program Files\MiKTeX 2.9\tex/latex/tools\calc.sty"
Package: calc 2017/05/25 v4.3 Infix arithmetic (KKT,FJ)
\calc@Acount=\count270
\calc@Bcount=\count271
\calc@Adimen=\dimen159
\calc@Bdimen=\dimen160
\calc@Askip=\skip54
\calc@Bskip=\skip55
LaTeX Info: Redefining \setlength on input line 80.
LaTeX Info: Redefining \addtolength on input line 81.
\calc@Ccount=\count272
\calc@Cskip=\skip56
) (C:\Users\buehl\AppData\Roaming\MiKTeX\2.9\tex/latex/eso-pic\eso-pic.sty
Package: eso-pic 2020/09/27 v2.0i eso-pic (RN)
\ESO@tempdima=\dimen161
\ESO@tempdimb=\dimen162
)
\AM@pagewidth=\dimen163
\AM@pageheight=\dimen164
(C:\Users\buehl\AppData\Roaming\MiKTeX\2.9\tex/latex/pdfpages\pppdftex.def
File: pppdftex.def 2020/01/28 v0.5q Pdfpages driver for pdfTeX (AM)
)
\AM@pagebox=\box47
\AM@global@opts=\toks25
\AM@pagecnt=\count273
\AM@toc@title=\toks26
\c@AM@survey=\count274
\AM@templatesizebox=\box48
) (C:\Users\buehl\AppData\Roaming\MiKTeX\2.9\tex/latex/booktabs\booktabs.sty
Package: booktabs 2020/01/12 v1.61803398 Publication quality tables
\heavyrulewidth=\dimen165
\lightrulewidth=\dimen166
\cmidrulewidth=\dimen167
\belowrulesep=\dimen168
\belowbottomsep=\dimen169
\aboverulesep=\dimen170
\abovetopsep=\dimen171
\cmidrulesep=\dimen172
\cmidrulekern=\dimen173
\defaultaddspace=\dimen174
\@cmidla=\count275
\@cmidlb=\count276
\@aboverulesep=\dimen175
\@belowrulesep=\dimen176
\@thisruleclass=\count277
\@lastruleclass=\count278
\@thisrulewidth=\dimen177
) ("C:\Program Files\MiKTeX 2.9\tex/latex/tools\longtable.sty"
Package: longtable 2020/01/07 v4.13 Multi-page Table package (DPC)
\LTleft=\skip57
\LTright=\skip58
\LTpre=\skip59
\LTpost=\skip60
\LTchunksize=\count279
\LTcapwidth=\dimen178
\LT@head=\box49
\LT@firsthead=\box50
\LT@foot=\box51
\LT@lastfoot=\box52
\LT@cols=\count280
\LT@rows=\count281
\c@LT@tables=\count282
\c@LT@chunks=\count283
\LT@p@ftn=\toks27
) ("C:\Program Files\MiKTeX 2.9\tex/latex/tools\array.sty"
Package: array 2019/08/31 v2.4l Tabular extension package (FMi)
\col@sep=\dimen179
\ar@mcellbox=\box53
\extrarowheight=\dimen180
\NC@list=\toks28
\extratabsurround=\skip61
\backup@length=\skip62
\ar@cellbox=\box54
) (C:\Users\buehl\AppData\Roaming\MiKTeX\2.9\tex/latex/multirow\multirow.sty
Package: multirow 2019/05/31 v2.5 Span multiple rows of a table
\multirow@colwidth=\skip63
\multirow@cntb=\count284
\multirow@dima=\skip64
\bigstrutjot=\dimen181
) (C:\Users\buehl\AppData\Roaming\MiKTeX\2.9\tex/latex/wrapfig\wrapfig.sty
\wrapoverhang=\dimen182
\WF@size=\dimen183
\c@WF@wrappedlines=\count285
\WF@box=\box55
\WF@everypar=\toks29
Package: wrapfig 2003/01/31  v 3.6
) (C:\Users\buehl\AppData\Roaming\MiKTeX\2.9\tex/latex/float\float.sty
Package: float 2001/11/08 v1.3d Float enhancements (AL)
\c@float@type=\count286
\float@exts=\toks30
\float@box=\box56
\@float@everytoks=\toks31
\@floatcapt=\box57
) (C:\Users\buehl\AppData\Roaming\MiKTeX\2.9\tex/latex/colortbl\colortbl.sty
Package: colortbl 2020/01/04 v1.0e Color table columns (DPC)
\everycr=\toks32
\minrowclearance=\skip65
) (C:\Users\buehl\AppData\Roaming\MiKTeX\2.9\tex/latex/pdflscape\pdflscape.sty
Package: pdflscape 2019/12/05 v0.12 Display of landscape pages in PDF (HO)
("C:\Program Files\MiKTeX 2.9\tex/latex/graphics\lscape.sty"
Package: lscape 2000/10/22 v3.01 Landscape Pages (DPC)
)
Package pdflscape Info: Auto-detected driver: pdftex on input line 81.
) (C:\Users\buehl\AppData\Roaming\MiKTeX\2.9\tex/latex/tabu\tabu.sty
Package: tabu 2019/01/11 v2.9 - flexible LaTeX tabulars (FC+tabu-fixed)
(C:\Users\buehl\AppData\Roaming\MiKTeX\2.9\tex/latex/varwidth\varwidth.sty
Package: varwidth 2009/03/30 ver 0.92;  Variable-width minipages
\@vwid@box=\box58
\sift@deathcycles=\count287
\@vwid@loff=\dimen184
\@vwid@roff=\dimen185
)
\c@taburow=\count288
\tabu@nbcols=\count289
\tabu@cnt=\count290
\tabu@Xcol=\count291
\tabu@alloc=\count292
\tabu@nested=\count293
\tabu@target=\dimen186
\tabu@spreadtarget=\dimen187
\tabu@naturalX=\dimen188
\tabucolX=\dimen189
\tabu@Xsum=\dimen190
\extrarowdepth=\dimen191
\abovetabulinesep=\dimen192
\belowtabulinesep=\dimen193
\tabustrutrule=\dimen194
\tabu@thebody=\toks33
\tabu@footnotes=\toks34
\tabu@box=\box59
\tabu@arstrutbox=\box60
\tabu@hleads=\box61
\tabu@vleads=\box62
\tabu@cellskip=\skip66
)
(C:\Users\buehl\AppData\Roaming\MiKTeX\2.9\tex/latex/threeparttable\threepartta
ble.sty
Package: threeparttable 2003/06/13  v 3.0
\@tempboxb=\box63
)
(C:\Users\buehl\AppData\Roaming\MiKTeX\2.9\tex/latex/threeparttablex\threepartt
ablex.sty
Package: threeparttablex 2013/07/23 v0.3 by daleif
("C:\Program Files\MiKTeX 2.9\tex/latex/environ\environ.sty"
Package: environ 2014/05/04 v0.3 A new way to define environments
("C:\Program Files\MiKTeX 2.9\tex/latex/trimspaces\trimspaces.sty"
Package: trimspaces 2009/09/17 v1.1 Trim spaces around a token list
))
\TPTL@width=\skip67
) (C:\Users\buehl\AppData\Roaming\MiKTeX\2.9\tex/latex/ulem\ulem.sty
\UL@box=\box64
\UL@hyphenbox=\box65
\UL@skip=\skip68
\UL@hook=\toks35
\UL@height=\dimen195
\UL@pe=\count294
\UL@pixel=\dimen196
\ULC@box=\box66
Package: ulem 2019/11/18
\ULdepth=\dimen197
) (C:\Users\buehl\AppData\Roaming\MiKTeX\2.9\tex/latex/makecell\makecell.sty
Package: makecell 2009/08/03 V0.1e Managing of Tab Column Heads and Cells
\rotheadsize=\dimen198
\c@nlinenum=\count295
\TeXr@lab=\toks36
)
\cslhangindent=\skip69
\csllabelwidth=\skip70
("C:\Program Files\MiKTeX 2.9\tex/latex/l3backend\l3backend-pdfmode.def"
File: l3backend-pdfmode.def 2020-03-12 L3 backend support: PDF mode
\l__kernel_color_stack_int=\count296
\l__pdf_internal_box=\box67
) (_main.aux)
\openout1 = `_main.aux'.

LaTeX Font Info:    Checking defaults for OML/cmm/m/it on input line 108.
LaTeX Font Info:    ... okay on input line 108.
LaTeX Font Info:    Checking defaults for OMS/cmsy/m/n on input line 108.
LaTeX Font Info:    ... okay on input line 108.
LaTeX Font Info:    Checking defaults for OT1/cmr/m/n on input line 108.
LaTeX Font Info:    ... okay on input line 108.
LaTeX Font Info:    Checking defaults for T1/cmr/m/n on input line 108.
LaTeX Font Info:    ... okay on input line 108.
LaTeX Font Info:    Checking defaults for TS1/cmr/m/n on input line 108.
LaTeX Font Info:    ... okay on input line 108.
LaTeX Font Info:    Checking defaults for OMX/cmex/m/n on input line 108.
LaTeX Font Info:    ... okay on input line 108.
LaTeX Font Info:    Checking defaults for U/cmr/m/n on input line 108.
LaTeX Font Info:    ... okay on input line 108.
LaTeX Font Info:    Checking defaults for PD1/pdf/m/n on input line 108.
LaTeX Font Info:    ... okay on input line 108.
LaTeX Font Info:    Checking defaults for PU/pdf/m/n on input line 108.
LaTeX Font Info:    ... okay on input line 108.
LaTeX Info: Redefining \microtypecontext on input line 108.
Package microtype Info: Generating PDF output.
Package microtype Info: Character protrusion enabled (level 2).
Package microtype Info: Using protrusion set `basicmath'.
Package microtype Info: Automatic font expansion enabled (level 2),
(microtype)             stretch: 20, shrink: 20, step: 1, non-selected.
Package microtype Info: Using default expansion set `basictext'.
LaTeX Info: Redefining \showhyphens on input line 108.
Package microtype Info: No adjustment of tracking.
Package microtype Info: No adjustment of interword spacing.
Package microtype Info: No adjustment of character kerning.
(C:\Users\buehl\AppData\Roaming\MiKTeX\2.9\tex/latex/microtype\mt-cmr.cfg
File: mt-cmr.cfg 2013/05/19 v2.2 microtype config. file: Computer Modern Roman 
(RS)
) ("C:\Program Files\MiKTeX 2.9\tex/context/base/mkii\supp-pdf.mkii"
[Loading MPS to PDF converter (version 2006.09.02).]
\scratchcounter=\count297
\scratchdimen=\dimen199
\scratchbox=\box68
\nofMPsegments=\count298
\nofMParguments=\count299
\everyMPshowfont=\toks37
\MPscratchCnt=\count300
\MPscratchDim=\dimen256
\MPnumerator=\count301
\makeMPintoPDFobject=\count302
\everyMPtoPDFconversion=\toks38
) ("C:\Program Files\MiKTeX 2.9\tex/latex/epstopdf-pkg\epstopdf-base.sty"
Package: epstopdf-base 2020-01-24 v2.11 Base part for package epstopdf
Package epstopdf-base Info: Redefining graphics rule for `.eps' on input line 4
85.
)
\AtBeginShipoutBox=\box69
Package hyperref Info: Link coloring ON on input line 108.
("C:\Program Files\MiKTeX 2.9\tex/latex/hyperref\nameref.sty"
Package: nameref 2019/09/16 v2.46 Cross-referencing by name of section
(C:\Users\buehl\AppData\Roaming\MiKTeX\2.9\tex/latex/refcount\refcount.sty
Package: refcount 2019/12/15 v3.6 Data extraction from label references (HO)
)
(C:\Users\buehl\AppData\Roaming\MiKTeX\2.9\tex/generic/gettitlestring\gettitles
tring.sty
Package: gettitlestring 2019/12/15 v1.6 Cleanup title references (HO)
)
\c@section@level=\count303
)
LaTeX Info: Redefining \ref on input line 108.
LaTeX Info: Redefining \pageref on input line 108.
LaTeX Info: Redefining \nameref on input line 108.
*geometry* driver: auto-detecting
*geometry* detected driver: pdftex
*geometry* verbose mode - [ preamble ] result:
* driver: pdftex
* paper: <default>
* layout: <same size as paper>
* layoutoffset:(h,v)=(0.0pt,0.0pt)
* modes: 
* h-part:(L,W,R)=(72.26999pt, 469.75502pt, 72.26999pt)
* v-part:(T,H,B)=(72.26999pt, 650.43001pt, 72.26999pt)
* \paperwidth=614.295pt
* \paperheight=794.96999pt
* \textwidth=469.75502pt
* \textheight=650.43001pt
* \oddsidemargin=0.0pt
* \evensidemargin=0.0pt
* \topmargin=-37.0pt
* \headheight=12.0pt
* \headsep=25.0pt
* \topskip=10.0pt
* \footskip=30.0pt
* \marginparwidth=65.0pt
* \marginparsep=11.0pt
* \columnsep=10.0pt
* \skip\footins=9.0pt plus 4.0pt minus 2.0pt
* \hoffset=0.0pt
* \voffset=0.0pt
* \mag=1000
* \@twocolumnfalse
* \@twosidefalse
* \@mparswitchfalse
* \@reversemarginfalse
* (1in=72.27pt=25.4mm, 1cm=28.453pt)



pdfTeX warning: pdflatex.exe (file ./add/titlepage.pdf): PDF inclusion: found P
DF version <1.7>, but at most version <1.5> allowed
<add/titlepage.pdf, id=3, 597.23125pt x 845.1575pt>
File: add/titlepage.pdf Graphic file (type pdf)
<use add/titlepage.pdf>
Package pdftex.def Info: add/titlepage.pdf  used on input line 112.
(pdftex.def)             Requested size: 459.64165pt x 650.4509pt.


pdfTeX warning: pdflatex.exe (file ./add/titlepage.pdf): PDF inclusion: found P
DF version <1.7>, but at most version <1.5> allowed
File: add/titlepage.pdf Graphic file (type pdf)
<use add/titlepage.pdf>
Package pdftex.def Info: add/titlepage.pdf  used on input line 112.
(pdftex.def)             Requested size: 459.64165pt x 650.4509pt.


pdfTeX warning: pdflatex.exe (file ./add/titlepage.pdf): PDF inclusion: found P
DF version <1.7>, but at most version <1.5> allowed


pdfTeX warning: pdflatex.exe (file ./add/titlepage.pdf): PDF inclusion: found P
DF version <1.7>, but at most version <1.5> allowed
<add/titlepage.pdf, id=6, page=1, 597.23125pt x 845.1575pt>
File: add/titlepage.pdf Graphic file (type pdf)
<use add/titlepage.pdf, page 1>
Package pdftex.def Info: add/titlepage.pdf , page1 used on input line 112.
(pdftex.def)             Requested size: 597.22978pt x 845.15544pt.
File: add/titlepage.pdf Graphic file (type pdf)
<use add/titlepage.pdf, page 1>
Package pdftex.def Info: add/titlepage.pdf , page1 used on input line 112.
(pdftex.def)             Requested size: 561.86221pt x 795.10587pt.
File: add/titlepage.pdf Graphic file (type pdf)
<use add/titlepage.pdf, page 1>
Package pdftex.def Info: add/titlepage.pdf , page1 used on input line 112.
(pdftex.def)             Requested size: 561.86221pt x 795.10587pt.
File: add/titlepage.pdf Graphic file (type pdf)
<use add/titlepage.pdf, page 1>
Package pdftex.def Info: add/titlepage.pdf , page1 used on input line 112.
(pdftex.def)             Requested size: 561.86221pt x 795.10587pt.
File: add/titlepage.pdf Graphic file (type pdf)
<use add/titlepage.pdf, page 1>
Package pdftex.def Info: add/titlepage.pdf , page1 used on input line 112.
(pdftex.def)             Requested size: 561.86221pt x 795.10587pt.
[1

 <./add/titlepage.pdf>]

pdfTeX warning: pdflatex.exe (file ./add/declaration.pdf): PDF inclusion: found
 PDF version <1.7>, but at most version <1.5> allowed
<add/declaration.pdf, id=49, 597.4822pt x 845.1575pt>
File: add/declaration.pdf Graphic file (type pdf)
<use add/declaration.pdf>
Package pdftex.def Info: add/declaration.pdf  used on input line 113.
(pdftex.def)             Requested size: 459.83478pt x 650.4509pt.


pdfTeX warning: pdflatex.exe (file ./add/declaration.pdf): PDF inclusion: found
 PDF version <1.7>, but at most version <1.5> allowed
File: add/declaration.pdf Graphic file (type pdf)
<use add/declaration.pdf>
Package pdftex.def Info: add/declaration.pdf  used on input line 113.
(pdftex.def)             Requested size: 459.83478pt x 650.4509pt.


pdfTeX warning: pdflatex.exe (file ./add/declaration.pdf): PDF inclusion: found
 PDF version <1.7>, but at most version <1.5> allowed


pdfTeX warning: pdflatex.exe (file ./add/declaration.pdf): PDF inclusion: found
 PDF version <1.7>, but at most version <1.5> allowed
<add/declaration.pdf, id=52, page=1, 597.4822pt x 845.1575pt>
File: add/declaration.pdf Graphic file (type pdf)
<use add/declaration.pdf, page 1>
Package pdftex.def Info: add/declaration.pdf , page1 used on input line 113.
(pdftex.def)             Requested size: 597.48073pt x 845.15544pt.
File: add/declaration.pdf Graphic file (type pdf)
<use add/declaration.pdf, page 1>
Package pdftex.def Info: add/declaration.pdf , page1 used on input line 113.
(pdftex.def)             Requested size: 562.0983pt x 795.10587pt.
File: add/declaration.pdf Graphic file (type pdf)
<use add/declaration.pdf, page 1>
Package pdftex.def Info: add/declaration.pdf , page1 used on input line 113.
(pdftex.def)             Requested size: 562.0983pt x 795.10587pt.
File: add/declaration.pdf Graphic file (type pdf)
<use add/declaration.pdf, page 1>
Package pdftex.def Info: add/declaration.pdf , page1 used on input line 113.
(pdftex.def)             Requested size: 562.0983pt x 795.10587pt.
pdfTeX warning (ext4): destination with the same identifier (name{page.}) has b
een already used, duplicate ignored
<to be read again> 
                   \relax 
l.113 \includepdf{add/declaration.pdf}
                                      
File: add/declaration.pdf Graphic file (type pdf)
<use add/declaration.pdf, page 1>
Package pdftex.def Info: add/declaration.pdf , page1 used on input line 113.
(pdftex.def)             Requested size: 562.0983pt x 795.10587pt.
[2 <./add/declaration.pdf>] (_main.toc
LaTeX Font Info:    Trying to load font information for OT1+lmr on input line 1
.
("C:\Program Files\MiKTeX 2.9\tex/latex/lm\ot1lmr.fd"
File: ot1lmr.fd 2009/10/30 v1.6 Font defs for Latin Modern
)
LaTeX Font Info:    Trying to load font information for OML+lmm on input line 1
.
("C:\Program Files\MiKTeX 2.9\tex/latex/lm\omllmm.fd"
File: omllmm.fd 2009/10/30 v1.6 Font defs for Latin Modern
)
LaTeX Font Info:    Trying to load font information for OMS+lmsy on input line 
1.
("C:\Program Files\MiKTeX 2.9\tex/latex/lm\omslmsy.fd"
File: omslmsy.fd 2009/10/30 v1.6 Font defs for Latin Modern
)
LaTeX Font Info:    Trying to load font information for OMX+lmex on input line 
1.
("C:\Program Files\MiKTeX 2.9\tex/latex/lm\omxlmex.fd"
File: omxlmex.fd 2009/10/30 v1.6 Font defs for Latin Modern
)
LaTeX Font Info:    External font `lmex10' loaded for size
(Font)              <10> on input line 1.
LaTeX Font Info:    External font `lmex10' loaded for size
(Font)              <7> on input line 1.
LaTeX Font Info:    External font `lmex10' loaded for size
(Font)              <5> on input line 1.
LaTeX Font Info:    Trying to load font information for U+msa on input line 1.
("C:\Program Files\MiKTeX 2.9\tex/latex/amsfonts\umsa.fd"
File: umsa.fd 2013/01/14 v3.01 AMS symbols A
) (C:\Users\buehl\AppData\Roaming\MiKTeX\2.9\tex/latex/microtype\mt-msa.cfg
File: mt-msa.cfg 2006/02/04 v1.1 microtype config. file: AMS symbols (a) (RS)
)
LaTeX Font Info:    Trying to load font information for U+msb on input line 1.
("C:\Program Files\MiKTeX 2.9\tex/latex/amsfonts\umsb.fd"
File: umsb.fd 2013/01/14 v3.01 AMS symbols B
) (C:\Users\buehl\AppData\Roaming\MiKTeX\2.9\tex/latex/microtype\mt-msb.cfg
File: mt-msb.cfg 2005/06/01 v1.0 microtype config. file: AMS symbols (b) (RS)
))
\tf@toc=\write3
\openout3 = `_main.toc'.

pdfTeX warning (ext4): destination with the same identifier (name{page.}) has b
een already used, duplicate ignored
<to be read again> 
                   \relax 
l.118 \newpage
               [3{C:/Users/buehl/AppData/Local/MiKTeX/2.9/pdftex/config/pdftex.
map}]pdfTeX warning (ext4): destination with the same identifier (name{page.}) 
has been already used, duplicate ignored
<to be read again> 
                   \relax 
l.157 \newpage
               [4] [1] [2]
<images/Perceptron.jpg, id=188, 1440.38126pt x 761.84625pt>
File: images/Perceptron.jpg Graphic file (type jpg)
<use images/Perceptron.jpg>
Package pdftex.def Info: images/Perceptron.jpg  used on input line 329.
(pdftex.def)             Requested size: 375.78702pt x 198.76122pt.
[3]
<_main_files/figure-latex/sigmoid-1.pdf, id=211, 469.755pt x 325.215pt>
File: _main_files/figure-latex/sigmoid-1.pdf Graphic file (type pdf)
<use _main_files/figure-latex/sigmoid-1.pdf>
Package pdftex.def Info: _main_files/figure-latex/sigmoid-1.pdf  used on input 
line 399.
(pdftex.def)             Requested size: 328.82626pt x 227.64894pt.
LaTeX Font Info:    Trying to load font information for TS1+lmr on input line 4
14.
("C:\Program Files\MiKTeX 2.9\tex/latex/lm\ts1lmr.fd"
File: ts1lmr.fd 2009/10/30 v1.6 Font defs for Latin Modern
) [4pdfTeX warning (ext4): destination with the same identifier (name{figure.1}
) has been already used, duplicate ignored

\AtBegShi@Output ...ipout \box \AtBeginShipoutBox 
                                                  \fi \fi 
l.416   R
         ecurrent neural networks (RNN) <./images/Perceptron.jpg>] [5pdfTeX war
ning (ext4): destination with the same identifier (name{figure.2}) has been alr
eady used, duplicate ignored

\AtBegShi@Output ...ipout \box \AtBeginShipoutBox 
                                                  \fi \fi 
l.442 \newpage
               <./_main_files/figure-latex/sigmoid-1.pdf>]

LaTeX Warning: Reference `price_btc' on page 6 undefined on input line 477.


LaTeX Warning: Reference `logprice_btc' on page 6 undefined on input line 478.

[6]
<images/logbtc_usd.jpeg, id=244, 599.23875pt x 339.51843pt>
File: images/logbtc_usd.jpeg Graphic file (type jpg)
<use images/logbtc_usd.jpeg>
Package pdftex.def Info: images/logbtc_usd.jpeg  used on input line 508.
(pdftex.def)             Requested size: 375.81255pt x 212.92896pt.
<images/btc_usd.jpeg, id=245, 599.23875pt x 339.51843pt>
File: images/btc_usd.jpeg Graphic file (type jpg)
<use images/btc_usd.jpeg>
Package pdftex.def Info: images/btc_usd.jpeg  used on input line 517.
(pdftex.def)             Requested size: 375.81255pt x 212.92896pt.
[7pdfTeX warning (ext4): destination with the same identifier (name{figure.3}) 
has been already used, duplicate ignored

\AtBegShi@Output ...ipout \box \AtBeginShipoutBox 
                                                  \fi \fi 
l.547 \newpage
              pdfTeX warning (ext4): destination with the same identifier (name
{figure.4}) has been already used, duplicate ignored

\AtBegShi@Output ...ipout \box \AtBeginShipoutBox 
                                                  \fi \fi 
l.547 \newpage
               <./images/logbtc_usd.jpeg> <./images/btc_usd.jpeg>] [8] [9] [10]
<_main_files/figure-latex/unnamed-chunk-11-1.pdf, id=274, 469.755pt x 325.215pt
>
File: _main_files/figure-latex/unnamed-chunk-11-1.pdf Graphic file (type pdf)
<use _main_files/figure-latex/unnamed-chunk-11-1.pdf>
Package pdftex.def Info: _main_files/figure-latex/unnamed-chunk-11-1.pdf  used 
on input line 624.
(pdftex.def)             Requested size: 328.82626pt x 227.64894pt.
<_main_files/figure-latex/unnamed-chunk-12-1.pdf, id=275, 469.755pt x 325.215pt
>
File: _main_files/figure-latex/unnamed-chunk-12-1.pdf Graphic file (type pdf)
<use _main_files/figure-latex/unnamed-chunk-12-1.pdf>
Package pdftex.def Info: _main_files/figure-latex/unnamed-chunk-12-1.pdf  used 
on input line 632.
(pdftex.def)             Requested size: 328.82626pt x 227.64894pt.
[11 <./_main_files/figure-latex/unnamed-chunk-11-1.pdf>]
<_main_files/figure-latex/unnamed-chunk-13-1.pdf, id=287, 469.755pt x 325.215pt
>
File: _main_files/figure-latex/unnamed-chunk-13-1.pdf Graphic file (type pdf)
<use _main_files/figure-latex/unnamed-chunk-13-1.pdf>
Package pdftex.def Info: _main_files/figure-latex/unnamed-chunk-13-1.pdf  used 
on input line 636.
(pdftex.def)             Requested size: 328.82626pt x 227.64894pt.
<_main_files/figure-latex/unnamed-chunk-14-1.pdf, id=288, 469.755pt x 325.215pt
>
File: _main_files/figure-latex/unnamed-chunk-14-1.pdf Graphic file (type pdf)
<use _main_files/figure-latex/unnamed-chunk-14-1.pdf>
Package pdftex.def Info: _main_files/figure-latex/unnamed-chunk-14-1.pdf  used 
on input line 638.
(pdftex.def)             Requested size: 328.82626pt x 227.64894pt.
[12 <./_main_files/figure-latex/unnamed-chunk-12-1.pdf> <./_main_files/figure-l
atex/unnamed-chunk-13-1.pdf>] [13 <./_main_files/figure-latex/unnamed-chunk-14-
1.pdf>] [14] [15] [16] [17]
Overfull \hbox (2.22221pt too wide) in paragraph at lines 840--845
[][] []
 []


Underfull \hbox (badness 10000) in paragraph at lines 840--845

 []


Overfull \hbox (2.22221pt too wide) in paragraph at lines 846--850
[][][] []
 []


Underfull \hbox (badness 10000) in paragraph at lines 846--850

 []


Overfull \hbox (2.22221pt too wide) in paragraph at lines 851--855
[][][] []
 []


Underfull \hbox (badness 10000) in paragraph at lines 851--855

 []


Overfull \hbox (2.22221pt too wide) in paragraph at lines 856--860
[][][] []
 []


Underfull \hbox (badness 10000) in paragraph at lines 856--860

 []


Overfull \hbox (2.22221pt too wide) in paragraph at lines 861--865
[][][] []
 []


Underfull \hbox (badness 10000) in paragraph at lines 861--865

 []


Overfull \hbox (2.22221pt too wide) in paragraph at lines 866--871
[][][] []
 []


Underfull \hbox (badness 10000) in paragraph at lines 866--871

 []

[18]
Package atveryend Info: Empty hook `BeforeClearDocument' on input line 882.
[19]
Package atveryend Info: Empty hook `AfterLastShipout' on input line 882.
(_main.aux)
Package atveryend Info: Executing hook `AtVeryEndDocument' on input line 882.
Package atveryend Info: Empty hook `AtEndAfterFileList' on input line 882.

LaTeX Warning: There were undefined references.

 ) 
Here is how much of TeX's memory you used:
 15499 strings out of 480930
 228486 string characters out of 2909547
 544979 words of memory out of 3000000
 30851 multiletter control sequences out of 15000+200000
 577088 words of font info for 95 fonts, out of 3000000 for 9000
 1141 hyphenation exceptions out of 8191
 41i,18n,43p,806b,452s stack positions out of 5000i,500n,10000p,200000b,50000s
{C:/Program Files/MiKTeX 2.9/fonts/enc/dvips/lm/lm-ec.enc}{C:/Program Files/M
iKTeX 2.9/fonts/enc/dvips/lm/lm-ts1.enc}{C:/Program Files/MiKTeX 2.9/fonts/enc/
dvips/lm/lm-mathit.enc}{C:/Program Files/MiKTeX 2.9/fonts/enc/dvips/lm/lm-maths
y.enc}{C:/Program Files/MiKTeX 2.9/fonts/enc/dvips/lm/lm-mathex.enc}{C:/Program
 Files/MiKTeX 2.9/fonts/enc/dvips/lm/lm-rm.enc}<C:/Program Files/MiKTeX 2.9/fon
ts/type1/public/lm/lmbx10.pfb><C:/Program Files/MiKTeX 2.9/fonts/type1/public/l
m/lmbx12.pfb><C:/Program Files/MiKTeX 2.9/fonts/type1/public/lm/lmex10.pfb><C:/
Program Files/MiKTeX 2.9/fonts/type1/public/lm/lmmi10.pfb><C:/Program Files/MiK
TeX 2.9/fonts/type1/public/lm/lmmi5.pfb><C:/Program Files/MiKTeX 2.9/fonts/type
1/public/lm/lmmi7.pfb><C:/Program Files/MiKTeX 2.9/fonts/type1/public/lm/lmr10.
pfb><C:/Program Files/MiKTeX 2.9/fonts/type1/public/lm/lmr7.pfb><C:/Program Fil
es/MiKTeX 2.9/fonts/type1/public/lm/lmri10.pfb><C:/Program Files/MiKTeX 2.9/fon
ts/type1/public/lm/lmsy10.pfb><C:/Program Files/MiKTeX 2.9/fonts/type1/public/l
m/lmsy7.pfb>
Output written on _main.pdf (23 pages, 798470 bytes).
PDF statistics:
 549 PDF objects out of 1000 (max. 8388607)
 117 named destinations out of 1000 (max. 500000)
 8577 words of extra memory for PDF output out of 10000 (max. 10000000)

